# JRE version: Java(TM) SE Runtime Environment (8.0_291-b10) (build 1.8.0_291-b10)
# Java VM: Java HotSpot(TM) 64-Bit Server VM (25.291-b10 mixed mode windows-amd64 compressed oops)
Heap:
 PSYoungGen      total 137216K, used 81347K [0x0000000781100000, 0x000000078bc00000, 0x00000007c0000000)
  eden space 125440K, 64% used [0x0000000781100000,0x0000000786070c00,0x0000000788b80000)
  from space 11776K, 0% used [0x0000000789780000,0x0000000789780000,0x000000078a300000)
  to   space 12288K, 0% used [0x0000000788b80000,0x0000000788b80000,0x0000000789780000)
 ParOldGen       total 121856K, used 15644K [0x0000000703200000, 0x000000070a900000, 0x0000000781100000)
  object space 121856K, 12% used [0x0000000703200000,0x00000007041470d0,0x000000070a900000)
 Metaspace       used 42635K, capacity 45300K, committed 45568K, reserved 1097728K
  class space    used 5643K, capacity 6127K, committed 6144K, reserved 1048576K
GC Heap History (10 events):
Event: 1.457 GC heap before
{Heap before GC invocations=4 (full 1):
 PSYoungGen      total 56832K, used 7520K [0x0000000781100000, 0x0000000788000000, 0x00000007c0000000)
  eden space 49152K, 0% used [0x0000000781100000,0x0000000781100000,0x0000000784100000)
  from space 7680K, 97% used [0x0000000784100000,0x0000000784858348,0x0000000784880000)
  to   space 7680K, 0% used [0x0000000787880000,0x0000000787880000,0x0000000788000000)
 ParOldGen       total 130048K, used 2784K [0x0000000703200000, 0x000000070b100000, 0x0000000781100000)
  object space 130048K, 2% used [0x0000000703200000,0x00000007034b83b8,0x000000070b100000)
 Metaspace       used 20261K, capacity 21210K, committed 21296K, reserved 1067008K
  class space    used 2683K, capacity 2911K, committed 2944K, reserved 1048576K
Event: 1.478 GC heap after
Heap after GC invocations=4 (full 1):
 PSYoungGen      total 56832K, used 0K [0x0000000781100000, 0x0000000788000000, 0x00000007c0000000)
  eden space 49152K, 0% used [0x0000000781100000,0x0000000781100000,0x0000000784100000)
  from space 7680K, 0% used [0x0000000784100000,0x0000000784100000,0x0000000784880000)
  to   space 7680K, 0% used [0x0000000787880000,0x0000000787880000,0x0000000788000000)
 ParOldGen       total 78336K, used 7287K [0x0000000703200000, 0x0000000707e80000, 0x0000000781100000)
  object space 78336K, 9% used [0x0000000703200000,0x000000070391ddc8,0x0000000707e80000)
 Metaspace       used 20261K, capacity 21210K, committed 21296K, reserved 1067008K
  class space    used 2683K, capacity 2911K, committed 2944K, reserved 1048576K
}
Event: 1.753 GC heap before
{Heap before GC invocations=5 (full 1):
 PSYoungGen      total 56832K, used 49152K [0x0000000781100000, 0x0000000788000000, 0x00000007c0000000)
  eden space 49152K, 100% used [0x0000000781100000,0x0000000784100000,0x0000000784100000)
  from space 7680K, 0% used [0x0000000784100000,0x0000000784100000,0x0000000784880000)
  to   space 7680K, 0% used [0x0000000787880000,0x0000000787880000,0x0000000788000000)
 ParOldGen       total 78336K, used 7287K [0x0000000703200000, 0x0000000707e80000, 0x0000000781100000)
  object space 78336K, 9% used [0x0000000703200000,0x000000070391ddc8,0x0000000707e80000)
 Metaspace       used 23302K, capacity 24654K, committed 24704K, reserved 1071104K
  class space    used 3152K, capacity 3449K, committed 3456K, reserved 1048576K
Event: 1.757 GC heap after
Heap after GC invocations=5 (full 1):
 PSYoungGen      total 84480K, used 5398K [0x0000000781100000, 0x0000000787e00000, 0x00000007c0000000)
  eden space 78848K, 0% used [0x0000000781100000,0x0000000781100000,0x0000000785e00000)
  from space 5632K, 95% used [0x0000000787880000,0x0000000787dc5bc0,0x0000000787e00000)
  to   space 7680K, 0% used [0x0000000786f00000,0x0000000786f00000,0x0000000787680000)
 ParOldGen       total 78336K, used 7295K [0x0000000703200000, 0x0000000707e80000, 0x0000000781100000)
  object space 78336K, 9% used [0x0000000703200000,0x000000070391fdc8,0x0000000707e80000)
 Metaspace       used 23302K, capacity 24654K, committed 24704K, reserved 1071104K
  class space    used 3152K, capacity 3449K, committed 3456K, reserved 1048576K
}
Event: 2.170 GC heap before
{Heap before GC invocations=6 (full 1):
 PSYoungGen      total 84480K, used 84246K [0x0000000781100000, 0x0000000787e00000, 0x00000007c0000000)
  eden space 78848K, 100% used [0x0000000781100000,0x0000000785e00000,0x0000000785e00000)
  from space 5632K, 95% used [0x0000000787880000,0x0000000787dc5bc0,0x0000000787e00000)
  to   space 7680K, 0% used [0x0000000786f00000,0x0000000786f00000,0x0000000787680000)
 ParOldGen       total 78336K, used 7295K [0x0000000703200000, 0x0000000707e80000, 0x0000000781100000)
  object space 78336K, 9% used [0x0000000703200000,0x000000070391fdc8,0x0000000707e80000)
 Metaspace       used 28267K, capacity 30162K, committed 30336K, reserved 1075200K
  class space    used 3790K, capacity 4143K, committed 4224K, reserved 1048576K
Event: 2.179 GC heap after
Heap after GC invocations=6 (full 1):
 PSYoungGen      total 103936K, used 7671K [0x0000000781100000, 0x000000078a300000, 0x00000007c0000000)
  eden space 96256K, 0% used [0x0000000781100000,0x0000000781100000,0x0000000786f00000)
  from space 7680K, 99% used [0x0000000786f00000,0x000000078767dc60,0x0000000787680000)
  to   space 11776K, 0% used [0x0000000789780000,0x0000000789780000,0x000000078a300000)
 ParOldGen       total 78336K, used 8558K [0x0000000703200000, 0x0000000707e80000, 0x0000000781100000)
  object space 78336K, 10% used [0x0000000703200000,0x0000000703a5b970,0x0000000707e80000)
 Metaspace       used 28267K, capacity 30162K, committed 30336K, reserved 1075200K
  class space    used 3790K, capacity 4143K, committed 4224K, reserved 1048576K
}
Event: 3.239 GC heap before
{Heap before GC invocations=7 (full 1):
 PSYoungGen      total 103936K, used 81197K [0x0000000781100000, 0x000000078a300000, 0x00000007c0000000)
  eden space 96256K, 76% used [0x0000000781100000,0x00000007858cd8f0,0x0000000786f00000)
  from space 7680K, 99% used [0x0000000786f00000,0x000000078767dc60,0x0000000787680000)
  to   space 11776K, 0% used [0x0000000789780000,0x0000000789780000,0x000000078a300000)
 ParOldGen       total 78336K, used 8558K [0x0000000703200000, 0x0000000707e80000, 0x0000000781100000)
  object space 78336K, 10% used [0x0000000703200000,0x0000000703a5b970,0x0000000707e80000)
 Metaspace       used 33091K, capacity 35324K, committed 35456K, reserved 1079296K
  class space    used 4459K, capacity 4870K, committed 4992K, reserved 1048576K
Event: 3.251 GC heap after
Heap after GC invocations=7 (full 1):
 PSYoungGen      total 137216K, used 10308K [0x0000000781100000, 0x000000078bc00000, 0x00000007c0000000)
  eden space 125440K, 0% used [0x0000000781100000,0x0000000781100000,0x0000000788b80000)
  from space 11776K, 87% used [0x0000000789780000,0x000000078a191050,0x000000078a300000)
  to   space 12288K, 0% used [0x0000000788b80000,0x0000000788b80000,0x0000000789780000)
 ParOldGen       total 78336K, used 8566K [0x0000000703200000, 0x0000000707e80000, 0x0000000781100000)
  object space 78336K, 10% used [0x0000000703200000,0x0000000703a5d970,0x0000000707e80000)
 Metaspace       used 33091K, capacity 35324K, committed 35456K, reserved 1079296K
  class space    used 4459K, capacity 4870K, committed 4992K, reserved 1048576K
}
Event: 3.251 GC heap before
{Heap before GC invocations=8 (full 2):
 PSYoungGen      total 137216K, used 10308K [0x0000000781100000, 0x000000078bc00000, 0x00000007c0000000)
  eden space 125440K, 0% used [0x0000000781100000,0x0000000781100000,0x0000000788b80000)
  from space 11776K, 87% used [0x0000000789780000,0x000000078a191050,0x000000078a300000)
  to   space 12288K, 0% used [0x0000000788b80000,0x0000000788b80000,0x0000000789780000)
 ParOldGen       total 78336K, used 8566K [0x0000000703200000, 0x0000000707e80000, 0x0000000781100000)
  object space 78336K, 10% used [0x0000000703200000,0x0000000703a5d970,0x0000000707e80000)
 Metaspace       used 33091K, capacity 35324K, committed 35456K, reserved 1079296K
  class space    used 4459K, capacity 4870K, committed 4992K, reserved 1048576K
Event: 3.298 GC heap after
Heap after GC invocations=8 (full 2):
 PSYoungGen      total 137216K, used 0K [0x0000000781100000, 0x000000078bc00000, 0x00000007c0000000)
  eden space 125440K, 0% used [0x0000000781100000,0x0000000781100000,0x0000000788b80000)
  from space 11776K, 0% used [0x0000000789780000,0x0000000789780000,0x000000078a300000)
  to   space 12288K, 0% used [0x0000000788b80000,0x0000000788b80000,0x0000000789780000)
 ParOldGen       total 121856K, used 15644K [0x0000000703200000, 0x000000070a900000, 0x0000000781100000)
  object space 121856K, 12% used [0x0000000703200000,0x00000007041470d0,0x000000070a900000)
 Metaspace       used 33091K, capacity 35324K, committed 35456K, reserved 1079296K
  class space    used 4459K, capacity 4870K, committed 4992K, reserved 1048576K
}

